c:\users\8lab309\source\repos\project1\project1\debug\vc141.pdb
c:\users\8lab309\source\repos\project1\project1\debug\vc141.idb
c:\users\8lab309\source\repos\project1\project1\debug\ex4.obj
c:\users\8lab309\source\repos\project1\project1\debug\customer .obj
c:\users\8lab309\source\repos\project1\debug\project1.pdb
c:\users\8lab309\source\repos\project1\project1\debug\project1.tlog\cl.command.1.tlog
c:\users\8lab309\source\repos\project1\project1\debug\project1.tlog\cl.read.1.tlog
c:\users\8lab309\source\repos\project1\project1\debug\project1.tlog\cl.write.1.tlog
c:\users\8lab309\source\repos\project1\project1\debug\project1.tlog\link-cvtres.read.1.tlog
c:\users\8lab309\source\repos\project1\project1\debug\project1.tlog\link-cvtres.write.1.tlog
c:\users\8lab309\source\repos\project1\project1\debug\project1.tlog\link-rc.read.1.tlog
c:\users\8lab309\source\repos\project1\project1\debug\project1.tlog\link-rc.write.1.tlog
c:\users\8lab309\source\repos\project1\project1\debug\project1.tlog\link.3484-cvtres.read.1.tlog
c:\users\8lab309\source\repos\project1\project1\debug\project1.tlog\link.3484-cvtres.write.1.tlog
c:\users\8lab309\source\repos\project1\project1\debug\project1.tlog\link.3484-rc.read.1.tlog
c:\users\8lab309\source\repos\project1\project1\debug\project1.tlog\link.3484-rc.write.1.tlog
c:\users\8lab309\source\repos\project1\project1\debug\project1.tlog\link.3484.read.1.tlog
c:\users\8lab309\source\repos\project1\project1\debug\project1.tlog\link.3484.write.1.tlog
c:\users\8lab309\source\repos\project1\project1\debug\project1.tlog\link.command.1.tlog
c:\users\8lab309\source\repos\project1\project1\debug\project1.tlog\link.read.1.tlog
c:\users\8lab309\source\repos\project1\project1\debug\project1.tlog\link.write.1.tlog
